<?xml version="1.0" encoding="UTF-8"?>
<robot generator="Robot 4.0.1 (Python 3.8.5 on linux)" generated="20210506 14:14:28.197" rpa="false" schemaversion="2">
<suite id="s1" name="Tests" source="/home/dev/PycharmProjects/Robot/TestsCases/tests.robot">
<kw name="Prepare Env" library="SiteKeywords" type="SETUP">
<kw name="Set Screenshot Directory" library="SeleniumLibrary">
<arg>Screenshots</arg>
<doc>Sets the directory for captured screenshots.</doc>
<status status="PASS" starttime="20210506 14:14:28.306" endtime="20210506 14:14:28.306"/>
</kw>
<status status="PASS" starttime="20210506 14:14:28.306" endtime="20210506 14:14:28.306"/>
</kw>
<test id="s1-t1" name="TC_01 - Logowanie z poprawnymi danymi">
<kw name="Otwórz przegladarke" library="SiteKeywords" type="SETUP">
<arg>${Url}</arg>
<arg>${Browser}</arg>
<kw name="Open Browser" library="SeleniumLibrary">
<arg>${Url}</arg>
<arg>${Browser}</arg>
<doc>Opens a new browser instance to the optional ``url``.</doc>
<msg timestamp="20210506 14:14:28.307" level="INFO">Opening browser 'chrome' to base url 'http://automationpractice.com/'.</msg>
<status status="PASS" starttime="20210506 14:14:28.307" endtime="20210506 14:14:33.453"/>
</kw>
<kw name="Maximize Browser Window" library="SeleniumLibrary">
<doc>Maximizes current browser window.</doc>
<status status="PASS" starttime="20210506 14:14:33.454" endtime="20210506 14:14:33.558"/>
</kw>
<status status="PASS" starttime="20210506 14:14:28.307" endtime="20210506 14:14:33.558"/>
</kw>
<kw name="Przejdz do strony logowania" library="SiteKeywords">
<kw name="Click Element" library="SeleniumLibrary">
<arg>${login_btn}</arg>
<doc>Click the element identified by ``locator``.</doc>
<msg timestamp="20210506 14:14:33.559" level="INFO">Clicking element 'css:.login'.</msg>
<status status="PASS" starttime="20210506 14:14:33.558" endtime="20210506 14:14:35.257"/>
</kw>
<status status="PASS" starttime="20210506 14:14:33.558" endtime="20210506 14:14:35.257"/>
</kw>
<kw name="Wpisz adres email" library="SiteKeywords">
<arg>${email_field}</arg>
<arg>${user_email}</arg>
<kw name="Input Text" library="SeleniumLibrary">
<arg>${email_field}</arg>
<arg>${user_email}</arg>
<doc>Types the given ``text`` into the text field identified by ``locator``.</doc>
<msg timestamp="20210506 14:14:35.258" level="INFO">Typing text 'user+test@example.com' into text field 'css:#email'.</msg>
<status status="PASS" starttime="20210506 14:14:35.257" endtime="20210506 14:14:35.353"/>
</kw>
<status status="PASS" starttime="20210506 14:14:35.257" endtime="20210506 14:14:35.353"/>
</kw>
<kw name="Wpisz haslo" library="SiteKeywords">
<arg>${pass_field}</arg>
<arg>${user_pass}</arg>
<kw name="Input Text" library="SeleniumLibrary">
<arg>${pass_field}</arg>
<arg>${user_pass}</arg>
<doc>Types the given ``text`` into the text field identified by ``locator``.</doc>
<msg timestamp="20210506 14:14:35.354" level="INFO">Typing text 'pas123456' into text field 'css:#paswd'.</msg>
<kw name="Capture Page Screenshot" library="SeleniumLibrary">
<doc>Takes a screenshot of the current page and embeds it into a log file.</doc>
<msg timestamp="20210506 14:14:35.560" level="INFO" html="true">&lt;/td&gt;&lt;/tr&gt;&lt;tr&gt;&lt;td colspan="3"&gt;&lt;a href="Screenshots/selenium-screenshot-1.png"&gt;&lt;img src="Screenshots/selenium-screenshot-1.png" width="800px"&gt;&lt;/a&gt;</msg>
<status status="PASS" starttime="20210506 14:14:35.363" endtime="20210506 14:14:35.561"/>
</kw>
<msg timestamp="20210506 14:14:35.562" level="FAIL">Element with locator 'css:#paswd' not found.</msg>
<status status="FAIL" starttime="20210506 14:14:35.354" endtime="20210506 14:14:35.562"/>
</kw>
<status status="FAIL" starttime="20210506 14:14:35.354" endtime="20210506 14:14:35.562"/>
</kw>
<kw name="Nacisnij przycisk Sign In" library="SiteKeywords">
<status status="NOT RUN" starttime="20210506 14:14:35.562" endtime="20210506 14:14:35.563"/>
</kw>
<kw name="Sprawdz czy uzytkownik jest zalogowany" library="SiteKeywords">
<status status="NOT RUN" starttime="20210506 14:14:35.563" endtime="20210506 14:14:35.563"/>
</kw>
<kw name="Zamknij przegladarke" library="SiteKeywords" type="TEARDOWN">
<kw name="Close Browser" library="SeleniumLibrary">
<doc>Closes the current browser.</doc>
<status status="PASS" starttime="20210506 14:14:35.563" endtime="20210506 14:14:35.621"/>
</kw>
<status status="PASS" starttime="20210506 14:14:35.563" endtime="20210506 14:14:35.621"/>
</kw>
<status status="FAIL" starttime="20210506 14:14:28.306" endtime="20210506 14:14:35.621">Element with locator 'css:#paswd' not found.</status>
</test>
<test id="s1-t2" name="TC_02 - Logowanie z nieprawidlowa nazwa użytkownika">
<kw name="Otwórz przegladarke" library="SiteKeywords" type="SETUP">
<arg>${Url}</arg>
<arg>${Browser}</arg>
<kw name="Open Browser" library="SeleniumLibrary">
<arg>${Url}</arg>
<arg>${Browser}</arg>
<doc>Opens a new browser instance to the optional ``url``.</doc>
<msg timestamp="20210506 14:14:35.623" level="INFO">Opening browser 'chrome' to base url 'http://automationpractice.com/'.</msg>
<status status="PASS" starttime="20210506 14:14:35.623" endtime="20210506 14:14:40.491"/>
</kw>
<kw name="Maximize Browser Window" library="SeleniumLibrary">
<doc>Maximizes current browser window.</doc>
<status status="PASS" starttime="20210506 14:14:40.492" endtime="20210506 14:14:40.619"/>
</kw>
<status status="PASS" starttime="20210506 14:14:35.622" endtime="20210506 14:14:40.619"/>
</kw>
<kw name="Przejdz do strony logowania" library="SiteKeywords">
<kw name="Click Element" library="SeleniumLibrary">
<arg>${login_btn}</arg>
<doc>Click the element identified by ``locator``.</doc>
<msg timestamp="20210506 14:14:40.620" level="INFO">Clicking element 'css:.login'.</msg>
<status status="PASS" starttime="20210506 14:14:40.620" endtime="20210506 14:14:41.924"/>
</kw>
<status status="PASS" starttime="20210506 14:14:40.619" endtime="20210506 14:14:41.925"/>
</kw>
<kw name="Wpisz bledny adres email" library="SiteKeywords">
<arg>${email_field}</arg>
<arg>${wrong_user_email}</arg>
<kw name="Input Text" library="SeleniumLibrary">
<arg>${email_field}</arg>
<arg>${wrong_user_email}</arg>
<doc>Types the given ``text`` into the text field identified by ``locator``.</doc>
<msg timestamp="20210506 14:14:41.926" level="INFO">Typing text 'wrong@ee.pl' into text field 'css:#email'.</msg>
<status status="PASS" starttime="20210506 14:14:41.925" endtime="20210506 14:14:42.006"/>
</kw>
<status status="PASS" starttime="20210506 14:14:41.925" endtime="20210506 14:14:42.006"/>
</kw>
<kw name="Wpisz haslo" library="SiteKeywords">
<arg>${pass_field}</arg>
<arg>${user_pass}</arg>
<kw name="Input Text" library="SeleniumLibrary">
<arg>${pass_field}</arg>
<arg>${user_pass}</arg>
<doc>Types the given ``text`` into the text field identified by ``locator``.</doc>
<msg timestamp="20210506 14:14:42.007" level="INFO">Typing text 'pas123456' into text field 'css:#paswd'.</msg>
<kw name="Capture Page Screenshot" library="SeleniumLibrary">
<doc>Takes a screenshot of the current page and embeds it into a log file.</doc>
<msg timestamp="20210506 14:14:42.216" level="INFO" html="true">&lt;/td&gt;&lt;/tr&gt;&lt;tr&gt;&lt;td colspan="3"&gt;&lt;a href="Screenshots/selenium-screenshot-2.png"&gt;&lt;img src="Screenshots/selenium-screenshot-2.png" width="800px"&gt;&lt;/a&gt;</msg>
<status status="PASS" starttime="20210506 14:14:42.015" endtime="20210506 14:14:42.216"/>
</kw>
<msg timestamp="20210506 14:14:42.217" level="FAIL">Element with locator 'css:#paswd' not found.</msg>
<status status="FAIL" starttime="20210506 14:14:42.007" endtime="20210506 14:14:42.217"/>
</kw>
<status status="FAIL" starttime="20210506 14:14:42.007" endtime="20210506 14:14:42.217"/>
</kw>
<kw name="Nacisnij przycisk Sign In" library="SiteKeywords">
<status status="NOT RUN" starttime="20210506 14:14:42.217" endtime="20210506 14:14:42.217"/>
</kw>
<kw name="Sprawdz czy komunikat o blednych danych zostal wyswietlony" library="SiteKeywords">
<status status="NOT RUN" starttime="20210506 14:14:42.217" endtime="20210506 14:14:42.217"/>
</kw>
<kw name="Zamknij przegladarke" library="SiteKeywords" type="TEARDOWN">
<kw name="Close Browser" library="SeleniumLibrary">
<doc>Closes the current browser.</doc>
<status status="PASS" starttime="20210506 14:14:42.218" endtime="20210506 14:14:42.275"/>
</kw>
<status status="PASS" starttime="20210506 14:14:42.218" endtime="20210506 14:14:42.276"/>
</kw>
<status status="FAIL" starttime="20210506 14:14:35.622" endtime="20210506 14:14:42.276">Element with locator 'css:#paswd' not found.</status>
</test>
<test id="s1-t3" name="TC_03 - Sparwdzenie czy użytkownik jest wylogowany">
<kw name="Otwórz przegladarke" library="SiteKeywords" type="SETUP">
<arg>${Url}</arg>
<arg>${Browser}</arg>
<kw name="Open Browser" library="SeleniumLibrary">
<arg>${Url}</arg>
<arg>${Browser}</arg>
<doc>Opens a new browser instance to the optional ``url``.</doc>
<msg timestamp="20210506 14:14:42.277" level="INFO">Opening browser 'chrome' to base url 'http://automationpractice.com/'.</msg>
<status status="PASS" starttime="20210506 14:14:42.277" endtime="20210506 14:14:47.168"/>
</kw>
<kw name="Maximize Browser Window" library="SeleniumLibrary">
<doc>Maximizes current browser window.</doc>
<status status="PASS" starttime="20210506 14:14:47.168" endtime="20210506 14:14:47.318"/>
</kw>
<status status="PASS" starttime="20210506 14:14:42.276" endtime="20210506 14:14:47.318"/>
</kw>
<kw name="Przejdz do strony logowania" library="SiteKeywords">
<kw name="Click Element" library="SeleniumLibrary">
<arg>${login_btn}</arg>
<doc>Click the element identified by ``locator``.</doc>
<msg timestamp="20210506 14:14:47.319" level="INFO">Clicking element 'css:.login'.</msg>
<status status="PASS" starttime="20210506 14:14:47.319" endtime="20210506 14:14:49.648"/>
</kw>
<status status="PASS" starttime="20210506 14:14:47.318" endtime="20210506 14:14:49.648"/>
</kw>
<kw name="Wpisz adres email" library="SiteKeywords">
<arg>${email_field}</arg>
<arg>${user_email}</arg>
<kw name="Input Text" library="SeleniumLibrary">
<arg>${email_field}</arg>
<arg>${user_email}</arg>
<doc>Types the given ``text`` into the text field identified by ``locator``.</doc>
<msg timestamp="20210506 14:14:49.650" level="INFO">Typing text 'user+test@example.com' into text field 'css:#email'.</msg>
<status status="PASS" starttime="20210506 14:14:49.649" endtime="20210506 14:14:49.728"/>
</kw>
<status status="PASS" starttime="20210506 14:14:49.649" endtime="20210506 14:14:49.728"/>
</kw>
<kw name="Wpisz haslo" library="SiteKeywords">
<arg>${pass_field}</arg>
<arg>${user_pass}</arg>
<kw name="Input Text" library="SeleniumLibrary">
<arg>${pass_field}</arg>
<arg>${user_pass}</arg>
<doc>Types the given ``text`` into the text field identified by ``locator``.</doc>
<msg timestamp="20210506 14:14:49.729" level="INFO">Typing text 'pas123456' into text field 'css:#paswd'.</msg>
<kw name="Capture Page Screenshot" library="SeleniumLibrary">
<doc>Takes a screenshot of the current page and embeds it into a log file.</doc>
<msg timestamp="20210506 14:14:49.961" level="INFO" html="true">&lt;/td&gt;&lt;/tr&gt;&lt;tr&gt;&lt;td colspan="3"&gt;&lt;a href="Screenshots/selenium-screenshot-3.png"&gt;&lt;img src="Screenshots/selenium-screenshot-3.png" width="800px"&gt;&lt;/a&gt;</msg>
<status status="PASS" starttime="20210506 14:14:49.737" endtime="20210506 14:14:49.961"/>
</kw>
<msg timestamp="20210506 14:14:49.961" level="FAIL">Element with locator 'css:#paswd' not found.</msg>
<status status="FAIL" starttime="20210506 14:14:49.729" endtime="20210506 14:14:49.961"/>
</kw>
<status status="FAIL" starttime="20210506 14:14:49.728" endtime="20210506 14:14:49.961"/>
</kw>
<kw name="Nacisnij przycisk Sign In" library="SiteKeywords">
<status status="NOT RUN" starttime="20210506 14:14:49.962" endtime="20210506 14:14:49.962"/>
</kw>
<status status="FAIL" starttime="20210506 14:14:42.276" endtime="20210506 14:14:49.962">Element with locator 'css:#paswd' not found.</status>
</test>
<status status="FAIL" starttime="20210506 14:14:28.198" endtime="20210506 14:14:49.963"/>
</suite>
<statistics>
<total>
<stat pass="0" fail="3" skip="0">All Tests</stat>
</total>
<tag>
</tag>
<suite>
<stat pass="0" fail="3" skip="0" id="s1" name="Tests">Tests</stat>
</suite>
</statistics>
<errors>
</errors>
</robot>
