<?xml version="1.0" encoding="UTF-8"?>
<robot generator="Robot 4.0.1 (Python 3.8.5 on linux)" generated="20210506 15:25:37.447" rpa="false" schemaversion="2">
<suite id="s1" name="Tests" source="/home/dev/PycharmProjects/Robot/TestsCases/tests.robot">
<kw name="Prepare Env" library="SiteKeywords" type="SETUP">
<kw name="Set Screenshot Directory" library="SeleniumLibrary">
<arg>Screenshots</arg>
<doc>Sets the directory for captured screenshots.</doc>
<status status="PASS" starttime="20210506 15:25:37.602" endtime="20210506 15:25:37.602"/>
</kw>
<status status="PASS" starttime="20210506 15:25:37.602" endtime="20210506 15:25:37.602"/>
</kw>
<test id="s1-t1" name="TC_01 - Logowanie z poprawnymi danymi">
<kw name="Otwórz przegladarke" library="SiteKeywords" type="SETUP">
<arg>${Url}</arg>
<arg>${Browser}</arg>
<kw name="Open Browser" library="SeleniumLibrary">
<arg>${Url}</arg>
<arg>${Browser}</arg>
<doc>Opens a new browser instance to the optional ``url``.</doc>
<msg timestamp="20210506 15:25:37.603" level="INFO">Opening browser 'chrome' to base url 'http://automationpractice.com/'.</msg>
<status status="PASS" starttime="20210506 15:25:37.603" endtime="20210506 15:25:48.434"/>
</kw>
<kw name="Maximize Browser Window" library="SeleniumLibrary">
<doc>Maximizes current browser window.</doc>
<status status="PASS" starttime="20210506 15:25:48.434" endtime="20210506 15:25:48.598"/>
</kw>
<status status="PASS" starttime="20210506 15:25:37.603" endtime="20210506 15:25:48.598"/>
</kw>
<kw name="Przejdz do strony logowania" library="SiteKeywords">
<kw name="Click Element" library="SeleniumLibrary">
<arg>${login_btn}</arg>
<doc>Click the element identified by ``locator``.</doc>
<msg timestamp="20210506 15:25:48.599" level="INFO">Clicking element 'css:.login'.</msg>
<status status="PASS" starttime="20210506 15:25:48.599" endtime="20210506 15:25:55.249"/>
</kw>
<status status="PASS" starttime="20210506 15:25:48.598" endtime="20210506 15:25:55.249"/>
</kw>
<kw name="Wpisz adres email" library="SiteKeywords">
<arg>${email_field}</arg>
<arg>${user_email}</arg>
<kw name="Input Text" library="SeleniumLibrary">
<arg>${email_field}</arg>
<arg>${user_email}</arg>
<doc>Types the given ``text`` into the text field identified by ``locator``.</doc>
<msg timestamp="20210506 15:25:55.251" level="INFO">Typing text 'user+test@example.com' into text field 'css:#email'.</msg>
<status status="PASS" starttime="20210506 15:25:55.250" endtime="20210506 15:25:55.340"/>
</kw>
<status status="PASS" starttime="20210506 15:25:55.250" endtime="20210506 15:25:55.340"/>
</kw>
<kw name="Wpisz haslo" library="SiteKeywords">
<arg>${pass_field}</arg>
<arg>${user_pass}</arg>
<kw name="Input Text" library="SeleniumLibrary">
<arg>${pass_field}</arg>
<arg>${user_pass}</arg>
<doc>Types the given ``text`` into the text field identified by ``locator``.</doc>
<msg timestamp="20210506 15:25:55.341" level="INFO">Typing text 'pas123456' into text field 'css:#passwd'.</msg>
<status status="PASS" starttime="20210506 15:25:55.341" endtime="20210506 15:25:55.413"/>
</kw>
<status status="PASS" starttime="20210506 15:25:55.340" endtime="20210506 15:25:55.413"/>
</kw>
<kw name="Nacisnij przycisk Sign In" library="SiteKeywords">
<kw name="Click Button" library="SeleniumLibrary">
<arg>${submit_login_btn}</arg>
<doc>Clicks the button identified by ``locator``.</doc>
<msg timestamp="20210506 15:25:55.414" level="INFO">Clicking button 'css:#SubmitLogin'.</msg>
<status status="PASS" starttime="20210506 15:25:55.414" endtime="20210506 15:26:01.562"/>
</kw>
<status status="PASS" starttime="20210506 15:25:55.413" endtime="20210506 15:26:01.562"/>
</kw>
<kw name="Sprawdz czy uzytkownik jest zalogowany" library="SiteKeywords">
<kw name="Element Should Contain" library="SeleniumLibrary">
<arg>${user_login_name}</arg>
<arg>Adam Adam</arg>
<doc>Verifies that element ``locator`` contains text ``expected``.</doc>
<msg timestamp="20210506 15:26:01.595" level="INFO">Element 'css:nav &gt; div:nth-of-type(1)' contains text 'Adam Adam'.</msg>
<status status="PASS" starttime="20210506 15:26:01.563" endtime="20210506 15:26:01.595"/>
</kw>
<kw name="Element Should Be Visible" library="SeleniumLibrary">
<arg>${my_account}</arg>
<doc>Verifies that the element identified by ``locator`` is visible.</doc>
<msg timestamp="20210506 15:26:01.614" level="INFO">Element 'css:.page-heading' is displayed.</msg>
<status status="PASS" starttime="20210506 15:26:01.595" endtime="20210506 15:26:01.614"/>
</kw>
<kw name="Element Should Contain" library="SeleniumLibrary">
<arg>${my_account}</arg>
<arg>MY ACCOUNT</arg>
<doc>Verifies that element ``locator`` contains text ``expected``.</doc>
<msg timestamp="20210506 15:26:01.630" level="INFO">Element 'css:.page-heading' contains text 'MY ACCOUNT'.</msg>
<status status="PASS" starttime="20210506 15:26:01.615" endtime="20210506 15:26:01.630"/>
</kw>
<status status="PASS" starttime="20210506 15:26:01.562" endtime="20210506 15:26:01.630"/>
</kw>
<kw name="Zamknij przegladarke" library="SiteKeywords" type="TEARDOWN">
<kw name="Close Browser" library="SeleniumLibrary">
<doc>Closes the current browser.</doc>
<status status="PASS" starttime="20210506 15:26:01.631" endtime="20210506 15:26:01.688"/>
</kw>
<status status="PASS" starttime="20210506 15:26:01.630" endtime="20210506 15:26:01.688"/>
</kw>
<status status="PASS" starttime="20210506 15:25:37.602" endtime="20210506 15:26:01.689"/>
</test>
<test id="s1-t2" name="TC_02 - Logowanie z nieprawidlowa nazwa użytkownika">
<kw name="Otwórz przegladarke" library="SiteKeywords" type="SETUP">
<arg>${Url}</arg>
<arg>${Browser}</arg>
<kw name="Open Browser" library="SeleniumLibrary">
<arg>${Url}</arg>
<arg>${Browser}</arg>
<doc>Opens a new browser instance to the optional ``url``.</doc>
<msg timestamp="20210506 15:26:01.691" level="INFO">Opening browser 'chrome' to base url 'http://automationpractice.com/'.</msg>
<status status="PASS" starttime="20210506 15:26:01.690" endtime="20210506 15:26:06.523"/>
</kw>
<kw name="Maximize Browser Window" library="SeleniumLibrary">
<doc>Maximizes current browser window.</doc>
<status status="PASS" starttime="20210506 15:26:06.523" endtime="20210506 15:26:06.627"/>
</kw>
<status status="PASS" starttime="20210506 15:26:01.690" endtime="20210506 15:26:06.627"/>
</kw>
<kw name="Przejdz do strony logowania" library="SiteKeywords">
<kw name="Click Element" library="SeleniumLibrary">
<arg>${login_btn}</arg>
<doc>Click the element identified by ``locator``.</doc>
<msg timestamp="20210506 15:26:06.628" level="INFO">Clicking element 'css:.login'.</msg>
<status status="PASS" starttime="20210506 15:26:06.627" endtime="20210506 15:26:08.556"/>
</kw>
<status status="PASS" starttime="20210506 15:26:06.627" endtime="20210506 15:26:08.556"/>
</kw>
<kw name="Wpisz bledny adres email" library="SiteKeywords">
<arg>${email_field}</arg>
<arg>${wrong_user_email}</arg>
<kw name="Input Text" library="SeleniumLibrary">
<arg>${email_field}</arg>
<arg>${wrong_user_email}</arg>
<doc>Types the given ``text`` into the text field identified by ``locator``.</doc>
<msg timestamp="20210506 15:26:08.557" level="INFO">Typing text 'wrong@ee.pl' into text field 'css:#email'.</msg>
<status status="PASS" starttime="20210506 15:26:08.557" endtime="20210506 15:26:08.634"/>
</kw>
<status status="PASS" starttime="20210506 15:26:08.557" endtime="20210506 15:26:08.634"/>
</kw>
<kw name="Wpisz haslo" library="SiteKeywords">
<arg>${pass_field}</arg>
<arg>${user_pass}</arg>
<kw name="Input Text" library="SeleniumLibrary">
<arg>${pass_field}</arg>
<arg>${user_pass}</arg>
<doc>Types the given ``text`` into the text field identified by ``locator``.</doc>
<msg timestamp="20210506 15:26:08.635" level="INFO">Typing text 'pas123456' into text field 'css:#passwd'.</msg>
<status status="PASS" starttime="20210506 15:26:08.635" endtime="20210506 15:26:08.714"/>
</kw>
<status status="PASS" starttime="20210506 15:26:08.635" endtime="20210506 15:26:08.714"/>
</kw>
<kw name="Nacisnij przycisk Sign In" library="SiteKeywords">
<kw name="Click Button" library="SeleniumLibrary">
<arg>${submit_login_btn}</arg>
<doc>Clicks the button identified by ``locator``.</doc>
<msg timestamp="20210506 15:26:08.715" level="INFO">Clicking button 'css:#SubmitLogin'.</msg>
<status status="PASS" starttime="20210506 15:26:08.715" endtime="20210506 15:26:10.536"/>
</kw>
<status status="PASS" starttime="20210506 15:26:08.714" endtime="20210506 15:26:10.536"/>
</kw>
<kw name="Sprawdz czy komunikat o blednych danych zostal wyswietlony" library="SiteKeywords">
<kw name="Wait Until Element Is Visible" library="SeleniumLibrary">
<arg>${alert}</arg>
<doc>Waits until the element ``locator`` is visible.</doc>
<status status="PASS" starttime="20210506 15:26:10.537" endtime="20210506 15:26:10.562"/>
</kw>
<kw name="Element Should Be Visible" library="SeleniumLibrary">
<arg>${alert}</arg>
<doc>Verifies that the element identified by ``locator`` is visible.</doc>
<msg timestamp="20210506 15:26:10.578" level="INFO">Element 'css:.alert' is displayed.</msg>
<status status="PASS" starttime="20210506 15:26:10.562" endtime="20210506 15:26:10.578"/>
</kw>
<kw name="Element Should Contain" library="SeleniumLibrary">
<arg>${alert}</arg>
<arg>Authentication failed.</arg>
<doc>Verifies that element ``locator`` contains text ``expected``.</doc>
<msg timestamp="20210506 15:26:10.596" level="INFO">Element 'css:.alert' contains text 'Authentication failed.'.</msg>
<status status="PASS" starttime="20210506 15:26:10.578" endtime="20210506 15:26:10.596"/>
</kw>
<status status="PASS" starttime="20210506 15:26:10.537" endtime="20210506 15:26:10.596"/>
</kw>
<kw name="Zamknij przegladarke" library="SiteKeywords" type="TEARDOWN">
<kw name="Close Browser" library="SeleniumLibrary">
<doc>Closes the current browser.</doc>
<status status="PASS" starttime="20210506 15:26:10.597" endtime="20210506 15:26:10.653"/>
</kw>
<status status="PASS" starttime="20210506 15:26:10.596" endtime="20210506 15:26:10.653"/>
</kw>
<status status="PASS" starttime="20210506 15:26:01.689" endtime="20210506 15:26:10.654"/>
</test>
<test id="s1-t3" name="TC_03 - Sparwdzenie czy użytkownik jest wylogowany">
<kw name="Otwórz przegladarke" library="SiteKeywords" type="SETUP">
<arg>${Url}</arg>
<arg>${Browser}</arg>
<kw name="Open Browser" library="SeleniumLibrary">
<arg>${Url}</arg>
<arg>${Browser}</arg>
<doc>Opens a new browser instance to the optional ``url``.</doc>
<msg timestamp="20210506 15:26:10.655" level="INFO">Opening browser 'chrome' to base url 'http://automationpractice.com/'.</msg>
<status status="PASS" starttime="20210506 15:26:10.655" endtime="20210506 15:26:16.482"/>
</kw>
<kw name="Maximize Browser Window" library="SeleniumLibrary">
<doc>Maximizes current browser window.</doc>
<status status="PASS" starttime="20210506 15:26:16.482" endtime="20210506 15:26:16.596"/>
</kw>
<status status="PASS" starttime="20210506 15:26:10.654" endtime="20210506 15:26:16.596"/>
</kw>
<kw name="Przejdz do strony logowania" library="SiteKeywords">
<kw name="Click Element" library="SeleniumLibrary">
<arg>${login_btn}</arg>
<doc>Click the element identified by ``locator``.</doc>
<msg timestamp="20210506 15:26:16.597" level="INFO">Clicking element 'css:.login'.</msg>
<status status="PASS" starttime="20210506 15:26:16.597" endtime="20210506 15:26:20.849"/>
</kw>
<status status="PASS" starttime="20210506 15:26:16.597" endtime="20210506 15:26:20.850"/>
</kw>
<kw name="Wpisz adres email" library="SiteKeywords">
<arg>${email_field}</arg>
<arg>${user_email}</arg>
<kw name="Input Text" library="SeleniumLibrary">
<arg>${email_field}</arg>
<arg>${user_email}</arg>
<doc>Types the given ``text`` into the text field identified by ``locator``.</doc>
<msg timestamp="20210506 15:26:20.850" level="INFO">Typing text 'user+test@example.com' into text field 'css:#email'.</msg>
<status status="PASS" starttime="20210506 15:26:20.850" endtime="20210506 15:26:20.941"/>
</kw>
<status status="PASS" starttime="20210506 15:26:20.850" endtime="20210506 15:26:20.941"/>
</kw>
<kw name="Wpisz haslo" library="SiteKeywords">
<arg>${pass_field}</arg>
<arg>${user_pass}</arg>
<kw name="Input Text" library="SeleniumLibrary">
<arg>${pass_field}</arg>
<arg>${user_pass}</arg>
<doc>Types the given ``text`` into the text field identified by ``locator``.</doc>
<msg timestamp="20210506 15:26:20.942" level="INFO">Typing text 'pas123456' into text field 'css:#passwd'.</msg>
<status status="PASS" starttime="20210506 15:26:20.942" endtime="20210506 15:26:21.015"/>
</kw>
<status status="PASS" starttime="20210506 15:26:20.941" endtime="20210506 15:26:21.015"/>
</kw>
<kw name="Nacisnij przycisk Sign In" library="SiteKeywords">
<kw name="Click Button" library="SeleniumLibrary">
<arg>${submit_login_btn}</arg>
<doc>Clicks the button identified by ``locator``.</doc>
<msg timestamp="20210506 15:26:21.016" level="INFO">Clicking button 'css:#SubmitLogin'.</msg>
<status status="PASS" starttime="20210506 15:26:21.016" endtime="20210506 15:26:26.615"/>
</kw>
<status status="PASS" starttime="20210506 15:26:21.016" endtime="20210506 15:26:26.616"/>
</kw>
<kw name="Nacisnij przycisk Sign Out" library="SiteKeywords">
<kw name="Wait Until Element Is Visible" library="SeleniumLibrary">
<arg>${sign_out}</arg>
<doc>Waits until the element ``locator`` is visible.</doc>
<status status="PASS" starttime="20210506 15:26:26.616" endtime="20210506 15:26:26.644"/>
</kw>
<kw name="Click Element" library="SeleniumLibrary">
<arg>${sign_out}</arg>
<doc>Click the element identified by ``locator``.</doc>
<msg timestamp="20210506 15:26:26.645" level="INFO">Clicking element 'css:.logout'.</msg>
<status status="PASS" starttime="20210506 15:26:26.644" endtime="20210506 15:26:34.391"/>
</kw>
<status status="PASS" starttime="20210506 15:26:26.616" endtime="20210506 15:26:34.392"/>
</kw>
<kw name="Sleep" library="BuiltIn">
<arg>5</arg>
<doc>Pauses the test executed for the given time.</doc>
<msg timestamp="20210506 15:26:39.392" level="INFO">Slept 5 seconds</msg>
<status status="PASS" starttime="20210506 15:26:34.392" endtime="20210506 15:26:39.392"/>
</kw>
<kw name="Sprawdz czy uzytkownik zostal wylogowany" library="SiteKeywords">
<kw name="Element Should Contain" library="SeleniumLibrary">
<arg>${my_account}</arg>
<arg>AUTHENTICATION</arg>
<doc>Verifies that element ``locator`` contains text ``expected``.</doc>
<msg timestamp="20210506 15:26:39.412" level="INFO">Element 'css:.page-heading' contains text 'AUTHENTICATION'.</msg>
<status status="PASS" starttime="20210506 15:26:39.393" endtime="20210506 15:26:39.412"/>
</kw>
<status status="PASS" starttime="20210506 15:26:39.393" endtime="20210506 15:26:39.412"/>
</kw>
<kw name="Zamknij przegladarke" library="SiteKeywords" type="TEARDOWN">
<kw name="Close Browser" library="SeleniumLibrary">
<doc>Closes the current browser.</doc>
<status status="PASS" starttime="20210506 15:26:39.413" endtime="20210506 15:26:39.471"/>
</kw>
<status status="PASS" starttime="20210506 15:26:39.413" endtime="20210506 15:26:39.471"/>
</kw>
<status status="PASS" starttime="20210506 15:26:10.654" endtime="20210506 15:26:39.472"/>
</test>
<test id="s1-t4" name="TC_04 - Rejestracja nowego uzytkownika">
<kw name="Otwórz przegladarke" library="SiteKeywords" type="SETUP">
<arg>${Url}</arg>
<arg>${Browser}</arg>
<kw name="Open Browser" library="SeleniumLibrary">
<arg>${Url}</arg>
<arg>${Browser}</arg>
<doc>Opens a new browser instance to the optional ``url``.</doc>
<msg timestamp="20210506 15:26:39.473" level="INFO">Opening browser 'chrome' to base url 'http://automationpractice.com/'.</msg>
<status status="PASS" starttime="20210506 15:26:39.473" endtime="20210506 15:26:48.199"/>
</kw>
<kw name="Maximize Browser Window" library="SeleniumLibrary">
<doc>Maximizes current browser window.</doc>
<status status="PASS" starttime="20210506 15:26:48.199" endtime="20210506 15:26:48.363"/>
</kw>
<status status="PASS" starttime="20210506 15:26:39.472" endtime="20210506 15:26:48.363"/>
</kw>
<kw name="Przejdz do strony rejestracji" library="SiteKeywords">
<kw name="Click Element" library="SeleniumLibrary">
<arg>${login_btn}</arg>
<doc>Click the element identified by ``locator``.</doc>
<msg timestamp="20210506 15:26:48.364" level="INFO">Clicking element 'css:.login'.</msg>
<status status="PASS" starttime="20210506 15:26:48.364" endtime="20210506 15:26:59.146"/>
</kw>
<status status="PASS" starttime="20210506 15:26:48.363" endtime="20210506 15:26:59.146"/>
</kw>
<kw name="Wpisz adres email nowego uzytkownika" library="SiteKeywords">
<kw name="Input Text" library="SeleniumLibrary">
<arg>${email_register}</arg>
<arg>${mail}</arg>
<doc>Types the given ``text`` into the text field identified by ``locator``.</doc>
<msg timestamp="20210506 15:26:59.147" level="INFO">Typing text 'Nuxvepi@gmail.com' into text field 'css:#email_create'.</msg>
<status status="PASS" starttime="20210506 15:26:59.147" endtime="20210506 15:26:59.228"/>
</kw>
<status status="PASS" starttime="20210506 15:26:59.146" endtime="20210506 15:26:59.228"/>
</kw>
<kw name="Potwierdz rejestracje" library="SiteKeywords">
<kw name="Click Element" library="SeleniumLibrary">
<arg>${submit_register}</arg>
<doc>Click the element identified by ``locator``.</doc>
<msg timestamp="20210506 15:26:59.229" level="INFO">Clicking element 'css:#SubmitCreate'.</msg>
<status status="PASS" starttime="20210506 15:26:59.228" endtime="20210506 15:26:59.282"/>
</kw>
<status status="PASS" starttime="20210506 15:26:59.228" endtime="20210506 15:26:59.282"/>
</kw>
<kw name="Sprawdz czy nowy uzytkownik zostal zarejestrowany" library="SiteKeywords">
<msg timestamp="20210506 15:26:59.283" level="FAIL">User keyword 'Sprawdz czy nowy uzytkownik zostal zarejestrowany' contains no keywords.</msg>
<status status="FAIL" starttime="20210506 15:26:59.282" endtime="20210506 15:26:59.283"/>
</kw>
<status status="FAIL" starttime="20210506 15:26:39.472" endtime="20210506 15:26:59.283">User keyword 'Sprawdz czy nowy uzytkownik zostal zarejestrowany' contains no keywords.</status>
</test>
<status status="FAIL" starttime="20210506 15:25:37.448" endtime="20210506 15:26:59.283"/>
</suite>
<statistics>
<total>
<stat pass="3" fail="1" skip="0">All Tests</stat>
</total>
<tag>
</tag>
<suite>
<stat pass="3" fail="1" skip="0" id="s1" name="Tests">Tests</stat>
</suite>
</statistics>
<errors>
</errors>
</robot>
