<?xml version="1.0" encoding="UTF-8"?>
<robot generator="Robot 4.0.1 (Python 3.8.5 on linux)" generated="20210512 15:14:10.684" rpa="false" schemaversion="2">
<suite id="s1" name="Tests" source="/home/dev/PycharmProjects/Robot/TestsCases/tests.robot">
<kw name="Prepare Env" library="SiteKeywords" type="SETUP">
<kw name="Set Screenshot Directory" library="SeleniumLibrary">
<arg>Screenshots</arg>
<doc>Sets the directory for captured screenshots.</doc>
<status status="PASS" starttime="20210512 15:14:10.836" endtime="20210512 15:14:10.837"/>
</kw>
<status status="PASS" starttime="20210512 15:14:10.836" endtime="20210512 15:14:10.837"/>
</kw>
<test id="s1-t1" name="TC_05 - Sprawdzenie funkcjonalnosci &quot;Forgot your password?&quot; dla niezarejestrowanego uzytkownika">
<kw name="Otwórz przegladarke" library="SiteKeywords" type="SETUP">
<arg>${Url}</arg>
<arg>${Browser}</arg>
<kw name="Open Browser" library="SeleniumLibrary">
<arg>${Url}</arg>
<arg>${Browser}</arg>
<doc>Opens a new browser instance to the optional ``url``.</doc>
<msg timestamp="20210512 15:14:10.838" level="INFO">Opening browser 'chrome' to base url 'http://automationpractice.com/'.</msg>
<status status="PASS" starttime="20210512 15:14:10.838" endtime="20210512 15:14:16.965"/>
</kw>
<kw name="Maximize Browser Window" library="SeleniumLibrary">
<doc>Maximizes current browser window.</doc>
<status status="PASS" starttime="20210512 15:14:16.965" endtime="20210512 15:14:17.080"/>
</kw>
<status status="PASS" starttime="20210512 15:14:10.837" endtime="20210512 15:14:17.080"/>
</kw>
<kw name="Przejdz do strony rejestracji" library="SiteKeywords">
<kw name="Click Element" library="SeleniumLibrary">
<arg>${login_btn}</arg>
<doc>Click the element identified by ``locator``.</doc>
<msg timestamp="20210512 15:14:17.081" level="INFO">Clicking element 'css:.login'.</msg>
<status status="PASS" starttime="20210512 15:14:17.081" endtime="20210512 15:14:18.003"/>
</kw>
<status status="PASS" starttime="20210512 15:14:17.080" endtime="20210512 15:14:18.004"/>
</kw>
<kw name="Kliknij forgot password" library="SiteKeywords">
<kw name="Wait Until Element Is Visible" library="SeleniumLibrary">
<arg>${forgot_pass}</arg>
<doc>Waits until the element ``locator`` is visible.</doc>
<status status="PASS" starttime="20210512 15:14:18.004" endtime="20210512 15:14:18.647"/>
</kw>
<kw name="Click Element" library="SeleniumLibrary">
<arg>${forgot_pass}</arg>
<doc>Click the element identified by ``locator``.</doc>
<msg timestamp="20210512 15:14:18.648" level="INFO">Clicking element 'css:[title='Recover your forgotten password']'.</msg>
<status status="PASS" starttime="20210512 15:14:18.647" endtime="20210512 15:14:19.353"/>
</kw>
<status status="PASS" starttime="20210512 15:14:18.004" endtime="20210512 15:14:19.353"/>
</kw>
<kw name="Wpisz bledny adres email" library="SiteKeywords">
<arg>${email_field}</arg>
<arg>${wrong_user_email}</arg>
<kw name="Wait Until Element Is Visible" library="SeleniumLibrary">
<arg>${email_field}</arg>
<doc>Waits until the element ``locator`` is visible.</doc>
<status status="PASS" starttime="20210512 15:14:19.354" endtime="20210512 15:14:19.378"/>
</kw>
<kw name="Input Text" library="SeleniumLibrary">
<arg>${email_field}</arg>
<arg>${wrong_user_email}</arg>
<doc>Types the given ``text`` into the text field identified by ``locator``.</doc>
<msg timestamp="20210512 15:14:19.378" level="INFO">Typing text 'wrong@ee.pl' into text field 'css:#email'.</msg>
<status status="PASS" starttime="20210512 15:14:19.378" endtime="20210512 15:14:19.439"/>
</kw>
<status status="PASS" starttime="20210512 15:14:19.353" endtime="20210512 15:14:19.439"/>
</kw>
<kw name="Potwierdz odzyskanie hasla" library="SiteKeywords">
<kw name="Click Element" library="SeleniumLibrary">
<arg>${retrive_pass}</arg>
<doc>Click the element identified by ``locator``.</doc>
<msg timestamp="20210512 15:14:19.440" level="INFO">Clicking element 'css:.button-medium[type='submit'] &gt; span'.</msg>
<status status="PASS" starttime="20210512 15:14:19.440" endtime="20210512 15:14:20.645"/>
</kw>
<status status="PASS" starttime="20210512 15:14:19.439" endtime="20210512 15:14:20.645"/>
</kw>
<kw name="Sprawdz czy pojawił sie error" library="SiteKeywords">
<kw name="Wait Until Element Is Visible" library="SeleniumLibrary">
<arg>${alert}</arg>
<doc>Waits until the element ``locator`` is visible.</doc>
<status status="PASS" starttime="20210512 15:14:20.645" endtime="20210512 15:14:20.662"/>
</kw>
<kw name="Element Should Be Visible" library="SeleniumLibrary">
<arg>${alert}</arg>
<doc>Verifies that the element identified by ``locator`` is visible.</doc>
<msg timestamp="20210512 15:14:20.673" level="INFO">Element 'css:.alert' is displayed.</msg>
<status status="PASS" starttime="20210512 15:14:20.663" endtime="20210512 15:14:20.673"/>
</kw>
<status status="PASS" starttime="20210512 15:14:20.645" endtime="20210512 15:14:20.673"/>
</kw>
<status status="PASS" starttime="20210512 15:14:10.837" endtime="20210512 15:14:20.674"/>
</test>
<status status="PASS" starttime="20210512 15:14:10.685" endtime="20210512 15:14:20.675"/>
</suite>
<statistics>
<total>
<stat pass="1" fail="0" skip="0">All Tests</stat>
</total>
<tag>
</tag>
<suite>
<stat pass="1" fail="0" skip="0" id="s1" name="Tests">Tests</stat>
</suite>
</statistics>
<errors>
</errors>
</robot>
