<?xml version="1.0" encoding="UTF-8"?>
<robot generator="Robot 4.0.1 (Python 3.8.5 on linux)" generated="20210506 13:08:59.979" rpa="false" schemaversion="2">
<suite id="s1" name="Tests" source="/home/dev/PycharmProjects/Robot/TestsCases/tests.robot">
<test id="s1-t1" name="TC_01 - Logowanie z poprawnymi danymi">
<kw name="Otwórz przegladarke" library="SiteKeywords" type="SETUP">
<arg>${Url}</arg>
<arg>${Browser}</arg>
<kw name="Open Browser" library="SeleniumLibrary">
<arg>${Url}</arg>
<arg>${Browser}</arg>
<doc>Opens a new browser instance to the optional ``url``.</doc>
<msg timestamp="20210506 13:09:00.085" level="INFO">Opening browser 'chrome' to base url 'http://automationpractice.com/'.</msg>
<status status="PASS" starttime="20210506 13:09:00.085" endtime="20210506 13:09:05.167"/>
</kw>
<kw name="Maximize Browser Window" library="SeleniumLibrary">
<doc>Maximizes current browser window.</doc>
<status status="PASS" starttime="20210506 13:09:05.167" endtime="20210506 13:09:05.270"/>
</kw>
<status status="PASS" starttime="20210506 13:09:00.084" endtime="20210506 13:09:05.271"/>
</kw>
<kw name="Przejdz do strony logowania" library="SiteKeywords">
<kw name="Click Element" library="SeleniumLibrary">
<arg>${login_btn}</arg>
<doc>Click the element identified by ``locator``.</doc>
<msg timestamp="20210506 13:09:05.272" level="INFO">Clicking element 'css:.login'.</msg>
<status status="PASS" starttime="20210506 13:09:05.271" endtime="20210506 13:09:06.896"/>
</kw>
<status status="PASS" starttime="20210506 13:09:05.271" endtime="20210506 13:09:06.896"/>
</kw>
<kw name="Wpisz adres email" library="SiteKeywords">
<arg>${email_field}</arg>
<arg>${user_email}</arg>
<kw name="Input Text" library="SeleniumLibrary">
<arg>${email_field}</arg>
<arg>${user_email}</arg>
<doc>Types the given ``text`` into the text field identified by ``locator``.</doc>
<msg timestamp="20210506 13:09:06.897" level="INFO">Typing text 'user+test@example.com' into text field 'css:#email'.</msg>
<status status="PASS" starttime="20210506 13:09:06.897" endtime="20210506 13:09:06.979"/>
</kw>
<status status="PASS" starttime="20210506 13:09:06.896" endtime="20210506 13:09:06.979"/>
</kw>
<kw name="Wpisz haslo" library="SiteKeywords">
<arg>${pass_field}</arg>
<arg>${user_pass}</arg>
<kw name="Input Text" library="SeleniumLibrary">
<arg>${pass_field}</arg>
<arg>${user_pass}</arg>
<doc>Types the given ``text`` into the text field identified by ``locator``.</doc>
<msg timestamp="20210506 13:09:06.980" level="INFO">Typing text 'pas123456' into text field 'css:#passwd'.</msg>
<status status="PASS" starttime="20210506 13:09:06.980" endtime="20210506 13:09:07.049"/>
</kw>
<status status="PASS" starttime="20210506 13:09:06.980" endtime="20210506 13:09:07.050"/>
</kw>
<kw name="Nacisnij przycisk Sign In" library="SiteKeywords">
<kw name="Click Button" library="SeleniumLibrary">
<arg>${submit_login_btn}</arg>
<doc>Clicks the button identified by ``locator``.</doc>
<msg timestamp="20210506 13:09:07.050" level="INFO">Clicking button 'css:#SubmitLogin'.</msg>
<status status="PASS" starttime="20210506 13:09:07.050" endtime="20210506 13:09:08.467"/>
</kw>
<status status="PASS" starttime="20210506 13:09:07.050" endtime="20210506 13:09:08.467"/>
</kw>
<kw name="Sprawdz czy uzytkownik jest zalogowany" library="SiteKeywords">
<kw name="Element Should Contain" library="SeleniumLibrary">
<arg>css:nav &gt; div:nth-of-type(1)</arg>
<arg>Adam Adam</arg>
<doc>Verifies that element ``locator`` contains text ``expected``.</doc>
<msg timestamp="20210506 13:09:08.492" level="INFO">Element 'css:nav &gt; div:nth-of-type(1)' contains text 'Adam Adam'.</msg>
<status status="PASS" starttime="20210506 13:09:08.467" endtime="20210506 13:09:08.492"/>
</kw>
<status status="PASS" starttime="20210506 13:09:08.467" endtime="20210506 13:09:08.492"/>
</kw>
<kw name="Zamknij przegladarke" library="SiteKeywords" type="TEARDOWN">
<kw name="Close Browser" library="SeleniumLibrary">
<doc>Closes the current browser.</doc>
<status status="PASS" starttime="20210506 13:09:08.492" endtime="20210506 13:09:08.550"/>
</kw>
<status status="PASS" starttime="20210506 13:09:08.492" endtime="20210506 13:09:08.550"/>
</kw>
<status status="PASS" starttime="20210506 13:09:00.084" endtime="20210506 13:09:08.550"/>
</test>
<test id="s1-t2" name="TC_02 - Logowanie z niepoprawnymi danymi">
<kw name="Otwórz przegladarke" library="SiteKeywords" type="SETUP">
<arg>${Url}</arg>
<arg>${Browser}</arg>
<kw name="Open Browser" library="SeleniumLibrary">
<arg>${Url}</arg>
<arg>${Browser}</arg>
<doc>Opens a new browser instance to the optional ``url``.</doc>
<msg timestamp="20210506 13:09:08.552" level="INFO">Opening browser 'chrome' to base url 'http://automationpractice.com/'.</msg>
<status status="PASS" starttime="20210506 13:09:08.552" endtime="20210506 13:09:13.711"/>
</kw>
<kw name="Maximize Browser Window" library="SeleniumLibrary">
<doc>Maximizes current browser window.</doc>
<status status="PASS" starttime="20210506 13:09:13.712" endtime="20210506 13:09:13.817"/>
</kw>
<status status="PASS" starttime="20210506 13:09:08.551" endtime="20210506 13:09:13.818"/>
</kw>
<kw name="Przejdz do strony logowania" library="SiteKeywords">
<kw name="Click Element" library="SeleniumLibrary">
<arg>${login_btn}</arg>
<doc>Click the element identified by ``locator``.</doc>
<msg timestamp="20210506 13:09:13.819" level="INFO">Clicking element 'css:.login'.</msg>
<status status="PASS" starttime="20210506 13:09:13.819" endtime="20210506 13:09:15.245"/>
</kw>
<status status="PASS" starttime="20210506 13:09:13.818" endtime="20210506 13:09:15.246"/>
</kw>
<kw name="Wpisz bledny adres email" library="SiteKeywords">
<arg>${email_field}</arg>
<arg>${wrong_user_email}</arg>
<kw name="Input Text" library="SeleniumLibrary">
<arg>${email_field}</arg>
<arg>${wrong_user_email}</arg>
<doc>Types the given ``text`` into the text field identified by ``locator``.</doc>
<msg timestamp="20210506 13:09:15.247" level="INFO">Typing text 'wrong@ee.pl' into text field 'css:#email'.</msg>
<status status="PASS" starttime="20210506 13:09:15.246" endtime="20210506 13:09:15.318"/>
</kw>
<status status="PASS" starttime="20210506 13:09:15.246" endtime="20210506 13:09:15.318"/>
</kw>
<kw name="Wpisz haslo" library="SiteKeywords">
<arg>${pass_field}</arg>
<arg>${user_pass}</arg>
<kw name="Input Text" library="SeleniumLibrary">
<arg>${pass_field}</arg>
<arg>${user_pass}</arg>
<doc>Types the given ``text`` into the text field identified by ``locator``.</doc>
<msg timestamp="20210506 13:09:15.319" level="INFO">Typing text 'pas123456' into text field 'css:#passwd'.</msg>
<status status="PASS" starttime="20210506 13:09:15.319" endtime="20210506 13:09:15.397"/>
</kw>
<status status="PASS" starttime="20210506 13:09:15.318" endtime="20210506 13:09:15.398"/>
</kw>
<kw name="Nacisnij przycisk Sign In" library="SiteKeywords">
<kw name="Click Button" library="SeleniumLibrary">
<arg>${submit_login_btn}</arg>
<doc>Clicks the button identified by ``locator``.</doc>
<msg timestamp="20210506 13:09:15.399" level="INFO">Clicking button 'css:#SubmitLogin'.</msg>
<status status="PASS" starttime="20210506 13:09:15.398" endtime="20210506 13:09:16.260"/>
</kw>
<status status="PASS" starttime="20210506 13:09:15.398" endtime="20210506 13:09:16.261"/>
</kw>
<kw name="Sprawdz czy komunikat o blednych danych zostal wyswietlony" library="SiteKeywords">
<kw name="Wait Until Element Is Visible" library="SeleniumLibrary">
<arg>${alert}</arg>
<doc>Waits until the element ``locator`` is visible.</doc>
<status status="PASS" starttime="20210506 13:09:16.261" endtime="20210506 13:09:16.287"/>
</kw>
<kw name="Element Should Be Visible" library="SeleniumLibrary">
<arg>${alert}</arg>
<doc>Verifies that the element identified by ``locator`` is visible.</doc>
<msg timestamp="20210506 13:09:16.305" level="INFO">Element 'css:.alert' is displayed.</msg>
<status status="PASS" starttime="20210506 13:09:16.287" endtime="20210506 13:09:16.305"/>
</kw>
<kw name="Element Should Contain" library="SeleniumLibrary">
<arg>${alert}</arg>
<arg>Authentication failed.</arg>
<doc>Verifies that element ``locator`` contains text ``expected``.</doc>
<msg timestamp="20210506 13:09:16.323" level="INFO">Element 'css:.alert' contains text 'Authentication failed.'.</msg>
<status status="PASS" starttime="20210506 13:09:16.305" endtime="20210506 13:09:16.323"/>
</kw>
<status status="PASS" starttime="20210506 13:09:16.261" endtime="20210506 13:09:16.323"/>
</kw>
<kw name="Zamknij przegladarke" library="SiteKeywords" type="TEARDOWN">
<kw name="Close Browser" library="SeleniumLibrary">
<doc>Closes the current browser.</doc>
<status status="PASS" starttime="20210506 13:09:16.324" endtime="20210506 13:09:16.381"/>
</kw>
<status status="PASS" starttime="20210506 13:09:16.323" endtime="20210506 13:09:16.381"/>
</kw>
<status status="PASS" starttime="20210506 13:09:08.551" endtime="20210506 13:09:16.381"/>
</test>
<status status="PASS" starttime="20210506 13:08:59.979" endtime="20210506 13:09:16.382"/>
</suite>
<statistics>
<total>
<stat pass="2" fail="0" skip="0">All Tests</stat>
</total>
<tag>
</tag>
<suite>
<stat pass="2" fail="0" skip="0" id="s1" name="Tests">Tests</stat>
</suite>
</statistics>
<errors>
</errors>
</robot>
